1572358439177	mozrunner::runner	INFO	Running command: "C:\\Program Files\\Mozilla Firefox\\firefox.exe" "-marionette" "-foreground" "-no-remote" "-profile" "C:\\Users\\6887~1\\AppData\\Local\\Temp\\rust_mozprofile09Jh6F"
1572358495816	mozrunner::runner	INFO	Running command: "C:\\Program Files\\Mozilla Firefox\\firefox.exe" "-marionette" "-foreground" "-no-remote" "-profile" "C:\\Users\\6887~1\\AppData\\Local\\Temp\\rust_mozprofileX3h3hc"
1572358528327	mozrunner::runner	INFO	Running command: "C:\\Program Files\\Mozilla Firefox\\firefox.exe" "-marionette" "-foreground" "-no-remote" "-profile" "C:\\Users\\6887~1\\AppData\\Local\\Temp\\rust_mozprofileS95SY3"
1572358530316	addons.webextension.screenshots@mozilla.org	WARN	Loading extension 'screenshots@mozilla.org': Reading manifest: Invalid extension permission: mozillaAddons
1572358530316	addons.webextension.screenshots@mozilla.org	WARN	Loading extension 'screenshots@mozilla.org': Reading manifest: Invalid extension permission: telemetry
1572358530316	addons.webextension.screenshots@mozilla.org	WARN	Loading extension 'screenshots@mozilla.org': Reading manifest: Invalid extension permission: resource://pdf.js/
1572358530316	addons.webextension.screenshots@mozilla.org	WARN	Loading extension 'screenshots@mozilla.org': Reading manifest: Invalid extension permission: about:reader*
1572358535936	Marionette	INFO	Listening on port 7115
1572358536140	Marionette	WARN	TLS certificate errors will be ignored for this session
console.warn: LoginRecipes: "getRecipes: falling back to a synchronous message for:" "https://www.google.com"
[Parent 10820, Gecko_IOThread] WARNING: pipe error: 109: file z:/task_1563383129/build/src/ipc/chromium/src/chrome/common/ipc_channel_win.cc, line 341
[Parent 10820, Gecko_IOThread] WARNING: pipe error: 109: file z:/task_1563383129/build/src/ipc/chromium/src/chrome/common/ipc_channel_win.cc, line 341
[Child 4504, Chrome_ChildThread] WARNING: pipe error: 109: file z:/task_1563383129/build/src/ipc/chromium/src/chrome/common/ipc_channel_win.cc, line 341
[Child 4504, Chrome_ChildThread] WARNING: pipe error: 109: file z:/task_1563383129/build/src/ipc/chromium/src/chrome/commo[Parent 10820, Gecko_IOThread] WARNING: pipe error: 109: file z:/task_1563383129/build/src/ipc/chromium/src/chrome/common/ipc_channel_win.cc, line 341
[Child 5924, Chrome_ChildThread] WARNING: pipe error: 109: file z:/task_1563383129/build/src/ipc/chromium/src/chrome/common/ipc_channel_win.cc, line 341
[Child 5924, 1572358561578	Marionette	INFO	Stopped listening on port 7115

###!!! [Child][RunMessage] Error: Channel closing: too late to send/recv, messages will be lost

[GPU 5260, Chrome_Chil
###!!! [Child][MessageChannel::SendAndWait] Error: Channel error: cannot send/recv

1572358569594	mozrunner::runner	INFO	Running command: "C:\\Program Files\\Mozilla Firefox\\firefox.exe" "-marionette" "-foreground" "-no-remote" "-profile" "C:\\Users\\6887~1\\AppData\\Local\\Temp\\rust_mozprofileVV04lQ"
1572358570328	addons.webextension.screenshots@mozilla.org	WARN	Loading extension 'screenshots@mozilla.org': Reading manifest: Invalid extension permission: mozillaAddons
1572358570328	addons.webextension.screenshots@mozilla.org	WARN	Loading extension 'screenshots@mozilla.org': Reading manifest: Invalid extension permission: telemetry
1572358570328	addons.webextension.screenshots@mozilla.org	WARN	Loading extension 'screenshots@mozilla.org': Reading manifest: Invalid extension permission: resource://pdf.js/
1572358570328	addons.webextension.screenshots@mozilla.org	WARN	Loading extension 'screenshots@mozilla.org': Reading manifest: Invalid extension permission: about:reader*
1572358572626	Marionette	INFO	Listening on port 7194
1572358572833	Marionette	WARN	TLS certificate errors will be ignored for this session
console.warn: LoginRecipes: "getRecipes: falling back to a synchronous message for:" "https://www.google.com"
console.warn: "Error while detaching the thread front: 'detach' request packet to 'server1.conn0.child1/context18' can't be sent as the connection is closed."
[Parent 11304, Gecko_IOThread] WARNING: pipe error: 109: file z:/task_1563383129/build/src/ipc/chromium/src/chrome/common/ipc_channel_win.cc, line 341
[Parent 11304, Gecko_IOThread] WARNING: pipe error: 109: file z:/task_1563383129/build/src/ipc/chromium/src/chrome/common/ipc_channel_win.cc, line 341
[Child 14232, Chrome_ChildThread] WARNING: pipe error: 109: file z:/task_1563383129/build/src/ipc/chromium/src/chrome/common/ipc_channel_win.cc, line 341
[Child 14232, Ch[Child 11684, Chrome_ChildThread] WARNING: pipe error: 109: file z:/task_1563383129/build/src/ipc/chromium/src/chrome/common/ipc_channel_win.cc, line 341
[Child 116[Parent 11304, Gecko_IOThread] WARNING: pipe error: 109: file z:/task_1563383129/build/src/ipc/chromium/src/chrome/common/ipc_channel_win.cc, line 341
1572358614747	Marionette	INFO	Stopped listening on port 7194
[GPU 813
###!!! [Child][MessageChannel::SendAndWait] Error: Channel error: cannot send/recv

1572358665089	mozrunner::runner	INFO	Running command: "C:\\Program Files\\Mozilla Firefox\\firefox.exe" "-marionette" "-foreground" "-no-remote" "-profile" "C:\\Users\\6887~1\\AppData\\Local\\Temp\\rust_mozprofileWKUKZb"
1572358666047	addons.webextension.screenshots@mozilla.org	WARN	Loading extension 'screenshots@mozilla.org': Reading manifest: Invalid extension permission: mozillaAddons
1572358666047	addons.webextension.screenshots@mozilla.org	WARN	Loading extension 'screenshots@mozilla.org': Reading manifest: Invalid extension permission: telemetry
1572358666047	addons.webextension.screenshots@mozilla.org	WARN	Loading extension 'screenshots@mozilla.org': Reading manifest: Invalid extension permission: resource://pdf.js/
1572358666047	addons.webextension.screenshots@mozilla.org	WARN	Loading extension 'screenshots@mozilla.org': Reading manifest: Invalid extension permission: about:reader*
1572358668254	Marionette	INFO	Listening on port 7265
1572358668360	Marionette	WARN	TLS certificate errors will be ignored for this session
[Parent 5684, Gecko_IOThread] WARNING: pipe error: 109: file z:/task_1563383129/build/src/ipc/chromium/src/chrome/common/ipc_channel_win.cc, line 341
[Child 11668, Chrome_ChildThread] WARNING: pipe error: 109: file z:/task_1563383129/build/src/ipc/chromium/src/chrome/common/ipc_channel_win.cc, line 341
[Child 11668, Chrome_ChildThread] WARNING: pipe error: 109: file z:/task_1563383129/build/src/ipc/chromium/src/chrome/common/ipc_channel_win.cc, line 341
[Child 2620, Chrome_ChildThread] WARNING: pipe error: 109: file z:/task_1563383129/build/src/ipc/chromium/src/chrome/common/ipc_channel_win.cc, line 341
[Child 2620, Chrome_Chi[Parent 5684, Gecko_IOThread] WARNING: pipe error: 109: file z:/task_1563383129/build/src/ipc/chromium/src/chrome/common/ipc_channel_win.cc, line 341
[Child 6544, Chrome_ChildThread] WARNING: pipe error: 109: file z:/task_1563383129/build/src/ipc/chromium/src/chrome/common/ipc_channel_win.cc, line 341
[Child 6544, C1572358685827	Marionette	INFO	Stopped listening on port 7265

###!!! [Child][RunMessage] Error: Channel closing: too late to send/recv, messages will be lost

[GPU 10
###!!! [Child][MessageChannel::SendAndWait] Error: Channel error: cannot send/recv

1572358723268	mozrunner::runner	INFO	Running command: "C:\\Program Files\\Mozilla Firefox\\firefox.exe" "-marionette" "-foreground" "-no-remote" "-profile" "C:\\Users\\6887~1\\AppData\\Local\\Temp\\rust_mozprofileOYut15"
1572358723921	addons.webextension.screenshots@mozilla.org	WARN	Loading extension 'screenshots@mozilla.org': Reading manifest: Invalid extension permission: mozillaAddons
1572358723921	addons.webextension.screenshots@mozilla.org	WARN	Loading extension 'screenshots@mozilla.org': Reading manifest: Invalid extension permission: telemetry
1572358723921	addons.webextension.screenshots@mozilla.org	WARN	Loading extension 'screenshots@mozilla.org': Reading manifest: Invalid extension permission: resource://pdf.js/
1572358723922	addons.webextension.screenshots@mozilla.org	WARN	Loading extension 'screenshots@mozilla.org': Reading manifest: Invalid extension permission: about:reader*
1572358726066	Marionette	INFO	Listening on port 7323
1572358726566	Marionette	WARN	TLS certificate errors will be ignored for this session
[Parent 10040, Gecko_IOThread] WARNING: pipe error: 109: file z:/task_1563383129/build/src/ipc/chromium/src/chrome/common/ipc_channel_win.cc, line 341
[Parent 10040, Gecko_IOThread] WARNING: pipe error: 109: file z:/task_1563383129/build/src/ipc/chromium/src/chrome/common/ipc_channel_win.cc, line 341
[Child 14312, Chrome_ChildThread] WARNING: pipe error: 109: file z:/task_1563383129/build/src/ipc/chromium/src/chrome/common/ipc_channel_win.cc, line 341
[Child 14312, Chrome_ChildThread] WARNING: pipe error: 109: fil[e z:/task_1563383129Child 5772, Chrome_ChildThread] WARNING: pipe error: 109: file z:/task_1563383129/build/src/ipc/chromium/src/chrome/common/ipc_channel_win.cc, line 341
[Child 5772, Chrome_ChildThread] WARNING: pipe error: 109: file z:/task_1563383129/build/s
###!!! [Child][MessageChannel] Error: (msgtype=0x530005,name=PHttpChannel::Msg_Cancel) Closed channel: cannot send/recv

rc/ipc/chromium/src/chr[Parent 10040, Gecko_IOThr1572358788468	Marionette	WARN	TLS certificate errors will be ignored for this session
[Parent 9204, Gecko_IOThread] WARNING: pipe error: 109: file z:/task_1563383129/build/src/ipc/chromium/src/chrome/common/ipc_channel_win.cc, line 341
[Child 10328, Chrome_ChildThread] WARNING: pipe error: 109: file z:/task_1563383129/build/src/ipc/chromium/src/chrome/common/ipc_channel_win.cc, line 341
[Child 10328, Chrome_Chi[Parent 9204, Gecko_IOThread] WARNING: pipe error: 109: file z:/task_1563383129/build/src/ipc/chromium/src/chrome/common/ipc_channel_win.cc, line 341
[Child 5820, Chrome_ChildThread] WARNING: pipe error: 109: file z:/task_1563383129/build/src/ipc/chromium/src/chrome/common/ipc_channel_win.cc, line 341
1572358795112	Marionette	INFO	Stopped listening on port 7386
[GPU 
###!!! [Child][RunMessage] Error: Channel closing: too late to send/recv, messages will be lost

1
###!!! [Child][MessageChannel::SendAndWait] Error: Channel error: cannot send/recv

1572360425465	mozrunner::runner	INFO	Running command: "C:\\Program Files\\Mozilla Firefox\\firefox.exe" "-marionette" "-foreground" "-no-remote" "-profile" "C:\\Users\\6887~1\\AppData\\Local\\Temp\\rust_mozprofilepOrZ54"
1572360430265	addons.webextension.screenshots@mozilla.org	WARN	Loading extension 'screenshots@mozilla.org': Reading manifest: Invalid extension permission: mozillaAddons
1572360430265	addons.webextension.screenshots@mozilla.org	WARN	Loading extension 'screenshots@mozilla.org': Reading manifest: Invalid extension permission: telemetry
1572360430265	addons.webextension.screenshots@mozilla.org	WARN	Loading extension 'screenshots@mozilla.org': Reading manifest: Invalid extension permission: resource://pdf.js/
1572360430265	addons.webextension.screenshots@mozilla.org	WARN	Loading extension 'screenshots@mozilla.org': Reading manifest: Invalid extension permission: about:reader*
1572360438079	Marionette	INFO	Listening on port 8064
1572360438343	Marionette	WARN	TLS certificate errors will be ignored for this session
[Child 11372, Chrome_ChildThread] WARNING: pipe error: 109: file z:/task_1563383129/build/src/ipc/chromium/src/chrome/common/ipc_channel_win.cc, line 341
[Child 11372, Ch[Child 10020, Chrome_ChildThread] WARNING: pipe error: 109: file z:/task_1563383129/build/src/ipc/chromium/src/chrome/common/ipc_channel_win.cc, line 341
[Child 100[Parent 4508, Gecko_IOThread] WARNING: pipe error: 109: file z:/task_1563383129/build/src/ipc/chromium/src/chrome/common/ipc_channel_win.cc, line 341
[Child 3760, Chrome_ChildThread] WARNING: pipe error: 109: file z:/task_1563383129/build/src/ipc/chromium/src/chrome/common/ipc_channel_win.cc, line 341
[Child 37601572360447869	Marionette	INFO	Stopped listening on port 8064
[GPU 129
###!!! [Child][RunMessage] Error: Channel closing: too late to send/recv, messages will be lost

72,
###!!! [Child][MessageChannel::SendAndWait] Error: Channel error: cannot send/recv

1572360874452	mozrunner::runner	INFO	Running command: "C:\\Program Files\\Mozilla Firefox\\firefox.exe" "-marionette" "-foreground" "-no-remote" "-profile" "C:\\Users\\6887~1\\AppData\\Local\\Temp\\rust_mozprofileML5Zyb"
1572360875189	addons.webextension.screenshots@mozilla.org	WARN	Loading extension 'screenshots@mozilla.org': Reading manifest: Invalid extension permission: mozillaAddons
1572360875189	addons.webextension.screenshots@mozilla.org	WARN	Loading extension 'screenshots@mozilla.org': Reading manifest: Invalid extension permission: telemetry
1572360875189	addons.webextension.screenshots@mozilla.org	WARN	Loading extension 'screenshots@mozilla.org': Reading manifest: Invalid extension permission: resource://pdf.js/
1572360875189	addons.webextension.screenshots@mozilla.org	WARN	Loading extension 'screenshots@mozilla.org': Reading manifest: Invalid extension permission: about:reader*
1572360877635	Marionette	INFO	Listening on port 8517
1572360877689	Marionette	WARN	TLS certificate errors will be ignored for this session
[Parent 10876, Gecko_IOThread] WARNING: pipe error: 109: file z:/task_1563383129/build/src/ipc/chromium/src/chrome/common/ipc_channel_win.cc, line 341
IPDL protocol error: Handler returned error code!

###!!! [Parent][DispatchAsyncMessage] Error: PLayerTransaction::Msg_ReleaseLayer Processing error: message was deserialized, but the handler returned false (indicating failure)

IPDL protocol error: Handler returned error code!

###!!! [Parent][DispatchAsyncMessage] Error: PLayerTransaction::Msg_ReleaseLayer Processing error: message was deserialized, but the handler returned false (indicating failure)

IPDL protocol error: Handler returned error code!

###!!! [Parent][DispatchAsyncMessage] Error: PLayerTransaction::Msg_ReleaseLayer Processing error: message was deserialized, but the handler returned false (indicating failure)

IPDL protocol error: Handler returned error code!

###!!! [Parent][DispatchAsyncMessage] Error: PLayerTransaction::Msg_ReleaseLayer Processing error: message was deserialized, but the handler returned false (indicating failure)

IPDL protocol error: Handler returned error code!

###!!! [Parent][DispatchAsyncMessage] Error: PLayerTransaction::Msg_ReleaseLayer Processing error: message was deserialized, but the handler returned false (indicating failure)

[Parent 10876, Gecko_IOThread] WARNING: pipe error: 109: file z:/task_1563383129/build/src/ipc/chromium/src/chrome/common/ipc_channel_win.cc, line 341
[Child 14200, Chrome_ChildThread] WARNING: pipe error: 109: file z:/task_1561572360906988	Marionette	INFO	Stopped listening on port 8517

###!!! [Child][RunMessage] Error: Channel closing: too late to send/recv, messages will be lost

[GPU 76
###!!! [Child][MessageChannel::SendAndWait] Error: Channel error: cannot send/recv

1572360939840	mozrunner::runner	INFO	Running command: "C:\\Program Files\\Mozilla Firefox\\firefox.exe" "-marionette" "-foreground" "-no-remote" "-profile" "C:\\Users\\6887~1\\AppData\\Local\\Temp\\rust_mozprofilejVRFF0"
1572360940383	addons.webextension.screenshots@mozilla.org	WARN	Loading extension 'screenshots@mozilla.org': Reading manifest: Invalid extension permission: mozillaAddons
1572360940383	addons.webextension.screenshots@mozilla.org	WARN	Loading extension 'screenshots@mozilla.org': Reading manifest: Invalid extension permission: telemetry
1572360940383	addons.webextension.screenshots@mozilla.org	WARN	Loading extension 'screenshots@mozilla.org': Reading manifest: Invalid extension permission: resource://pdf.js/
1572360940383	addons.webextension.screenshots@mozilla.org	WARN	Loading extension 'screenshots@mozilla.org': Reading manifest: Invalid extension permission: about:reader*
1572360942672	Marionette	INFO	Listening on port 8665
1572360943074	Marionette	WARN	TLS certificate errors will be ignored for this session
[Parent 13064, Gecko_IOThread] WARNING: pipe error: 109: file z:/task_1563383129/build/src/ipc/chromium/src/chrome/common/ipc_channel_win.cc, line 341
[Child 7152, Chrome_ChildThread] WARNING: pipe error: 109: file z:/task_1563383129/build/src/ipc/chromium/src/chrome/common/ipc_channel_win.cc, line 341
[Child 715[Child 8420, Chrome_ChildThread] WARNING: pipe error: 109: file z:/task_1563383129/build/src/ipc/chromium/src/chrome/common/ipc_channel_win.cc, line 341
[Child 8420, Chrome_Chil[Parent 13064, Gecko_IOThread] WARNING: pipe error: 109: file z:/task_1563383129/build/src/ipc/chromium/src/chrome/common/ipc_channel_win.cc, line 341
1572360964562	Marionette	INFO	Stopped listening on port 8665

###!!! [Child][RunMessage] Error: Channel closing: too late to send/recv, messages will be lost

[GPU 10260, Chrome_Ch
###!!! [Child][MessageChannel::SendAndWait] Error: Channel error: cannot send/recv

1572360971053	mozrunner::runner	INFO	Running command: "C:\\Program Files\\Mozilla Firefox\\firefox.exe" "-marionette" "-foreground" "-no-remote" "-profile" "C:\\Users\\6887~1\\AppData\\Local\\Temp\\rust_mozprofileEhZKOE"
1572360971768	addons.webextension.screenshots@mozilla.org	WARN	Loading extension 'screenshots@mozilla.org': Reading manifest: Invalid extension permission: mozillaAddons
1572360971769	addons.webextension.screenshots@mozilla.org	WARN	Loading extension 'screenshots@mozilla.org': Reading manifest: Invalid extension permission: telemetry
1572360971769	addons.webextension.screenshots@mozilla.org	WARN	Loading extension 'screenshots@mozilla.org': Reading manifest: Invalid extension permission: resource://pdf.js/
1572360971769	addons.webextension.screenshots@mozilla.org	WARN	Loading extension 'screenshots@mozilla.org': Reading manifest: Invalid extension permission: about:reader*
1572360973928	Marionette	INFO	Listening on port 8767
1572360974293	Marionette	WARN	TLS certificate errors will be ignored for this session
[Child 13404, Chrome_ChildThread] WARNING: pipe error: 109: file z:/task_1563383129/build/src/ipc/chromium/src/chrome/common/ipc_channel_win.cc, line 341
[Child 13404, 
###!!! [Child][MessageChannel] Error: (msgtype=0x600027,name=PNecko::Msg_RemoveRequestContext) Channel closing: too late to send/recv, messages will be lost

[Child 12940, Chrome_ChildThread] WARNING: pipe error: 109: file z:/task_1563383129/build/sr
###!!! [Child][RunMessage] Error: Channel closing: too late to send/recv, messages will be lost

c/i
###!!! [Child][RunMessage] Error: Channel closing: too late to send/recv, messages will be lost

pc/chromium/src/chrome/common/ipc_channel_win.cc, line 
###!!! [Child][RunMessage] Error: Channel closing: too late to send/recv, messages will be lost

341
[Child 12940, Chro[Child 14168, Chrome_ChildThread] WARNING: pipe error: 109: file z:/task_1563383129/build/src/ipc/chromium/src/chrome/common/ipc_channel_win.cc, line 341
[Child 14168, Chrome_ChildThread] WARNING: p1572360985859	Marionette	INFO	Stopped listening on port 8767
[GPU 13
###!!! [Child][RunMessage] Error: Channel closing: too late to send/recv, messages will be lost


###!!! [Child][MessageChannel::SendAndWait] Error: Channel error: cannot send/recv

1572360999101	mozrunner::runner	INFO	Running command: "C:\\Program Files\\Mozilla Firefox\\firefox.exe" "-marionette" "-foreground" "-no-remote" "-profile" "C:\\Users\\6887~1\\AppData\\Local\\Temp\\rust_mozprofileuRcQKf"
1572360999691	addons.webextension.screenshots@mozilla.org	WARN	Loading extension 'screenshots@mozilla.org': Reading manifest: Invalid extension permission: mozillaAddons
1572360999691	addons.webextension.screenshots@mozilla.org	WARN	Loading extension 'screenshots@mozilla.org': Reading manifest: Invalid extension permission: telemetry
1572360999691	addons.webextension.screenshots@mozilla.org	WARN	Loading extension 'screenshots@mozilla.org': Reading manifest: Invalid extension permission: resource://pdf.js/
1572360999691	addons.webextension.screenshots@mozilla.org	WARN	Loading extension 'screenshots@mozilla.org': Reading manifest: Invalid extension permission: about:reader*
1572361002087	Marionette	INFO	Listening on port 8866
1572361002347	Marionette	WARN	TLS certificate errors will be ignored for this session
[Child 7320, Chrome_ChildThread] WARNING: pipe error: 109: file z:/task_1563383129/build/src/ipc/chromium/src/chrome/common/ipc_channel_win.cc, line 341
[Child 7[Parent 8064, Gecko_IOThread] WARNING: pipe error: 109: file z:/task_1563383129/build/src/ipc/chromium/src/chrome/common/ipc_channel_win.cc, line 341
1572361021471	Marionette	INFO	Stopped listening on port 8866

###!!! [Child][RunMessage] Error: Channel closing: too late to send/recv, messages will be lost

[GPU 2124
###!!! [Child][MessageChannel::SendAndWait] Error: Channel error: cannot send/recv

1572361921640	mozrunner::runner	INFO	Running command: "C:\\Program Files\\Mozilla Firefox\\firefox.exe" "-marionette" "-foreground" "-no-remote" "-profile" "C:\\Users\\6887~1\\AppData\\Local\\Temp\\rust_mozprofileBoJrFc"
1572361922291	addons.webextension.screenshots@mozilla.org	WARN	Loading extension 'screenshots@mozilla.org': Reading manifest: Invalid extension permission: mozillaAddons
1572361922291	addons.webextension.screenshots@mozilla.org	WARN	Loading extension 'screenshots@mozilla.org': Reading manifest: Invalid extension permission: telemetry
1572361922291	addons.webextension.screenshots@mozilla.org	WARN	Loading extension 'screenshots@mozilla.org': Reading manifest: Invalid extension permission: resource://pdf.js/
1572361922291	addons.webextension.screenshots@mozilla.org	WARN	Loading extension 'screenshots@mozilla.org': Reading manifest: Invalid extension permission: about:reader*
1572361924559	Marionette	INFO	Listening on port 9959
1572361924883	Marionette	WARN	TLS certificate errors will be ignored for this session
console.warn: "Error while detaching the thread front: 'detach' request packet to 'server1.conn0.child1/context18' can't be sent as the connection is closed."
[Parent 14260, Gecko_IOThread] WARNING: pipe error: 109: file z:/task_1563383129/build/src/ipc/chromium/src/chrome/common/ipc_channel_win.cc, line 341
[Parent 14260, Gecko_IOThread] WARNING: pipe error: 109: file z:/task_1563383129/build/src/ipc/chromium/src/chrome/common/ipc_channel_win.cc, line 341
[Child 2980, Chrome_ChildThread] WARNING: pipe error: 109: file z:/task_1563383129/build/src/ipc/chromium/src/chrome/common/ipc_channel_win.cc, line 341
###!!! [Child][MessageChannel] Error: (msgtype=0x530005,name=PHttpChannel::Msg_Cancel) Closed channel: cannot send/recv


[Child 2980, Chrome_ChildThread] WARNING:[Parent 14260, Gecko_IOThread] WARNING: pipe error: 109: file z:/task_1563383129/build/src/ipc/chromium/src/chrome/common/ipc_channel_win.cc, line 341
1572362198802	Marionette	INFO	Stopped listening on port 9959
[GPU 11728, Chrome_ChildThread]
###!!! [Child][RunMessage] Error: Channe[Parent 312, Gecko_IOThread] WARNING: pipe error: 109: file z:/task_1563383129/build/src/ipc/chromium/src/chrome/common/ipc_channel_win.cc, line 341
[Child 7912, Chrome_ChildThread] WARNING: pipe error: 109: file z:/task_1563383129/build/src/ipc/chromium/src/chrome/common/ipc_channel_win.cc, line 341
[Child 791572362201437	Marionette	INFO	Stopped listening on port 10322

###!!! [Child][MessageChannel::SendAndWait] Error: Channel error: cannot send/recv

1572362246431	mozrunner::runner	INFO	Running command: "C:\\Program Files\\Mozilla Firefox\\firefox.exe" "-marionette" "-foreground" "-no-remote" "-profile" "C:\\Users\\6887~1\\AppData\\Local\\Temp\\rust_mozprofileVIO7kj"
1572362248956	addons.webextension.screenshots@mozilla.org	WARN	Loading extension 'screenshots@mozilla.org': Reading manifest: Invalid extension permission: mozillaAddons
1572362248956	addons.webextension.screenshots@mozilla.org	WARN	Loading extension 'screenshots@mozilla.org': Reading manifest: Invalid extension permission: telemetry
1572362248956	addons.webextension.screenshots@mozilla.org	WARN	Loading extension 'screenshots@mozilla.org': Reading manifest: Invalid extension permission: resource://pdf.js/
1572362248956	addons.webextension.screenshots@mozilla.org	WARN	Loading extension 'screenshots@mozilla.org': Reading manifest: Invalid extension permission: about:reader*
1572362251293	Marionette	INFO	Listening on port 10462
1572362251451	Marionette	WARN	TLS certificate errors will be ignored for this session
[Child 11604, Chrome_ChildThread] WARNING: pipe error: 109: file z:/task_1563383129/build/src/ipc/chromium/src/chrome/common/ipc_channel_win.cc, line 341
[Child 11604, Ch[Parent 11432, Gecko_IOThread] WARNING: pipe error: 109: file z:/task_1563383129/build/src/ipc/chromium/src/chrome/common/ipc_channel_win.cc, line 341
[Child 12664, Chrome_ChildThread] WARNING: pipe error: 109: file z:/task_1563383129/build/src/ipc/chromium/src/chrome/common/ipc_channel_win.cc, line 341
[Child 12664, Chrome_ChildThread] WARNING: pipe error: 109: file z:/task_1563383129/build/src/ipc/chromium/src/chrome/common/ipc_channel_win.cc, line 341
1572362303596	Marionette	INFO	Stopped listening on port 10462

###!!! [Child][RunMessage] Error: Channel closing: too late to send/recv, messages will be lost

[GPU 9
###!!! [Child][MessageChannel::SendAndWait] Error: Channel error: cannot send/recv

about:reader*
1572362280676	Marionette	INFO	Listening on port 10578
1572362281124	Marionette	WARN	TLS certificate errors will be ignored for this session
[Parent 12812, Gecko_IOThread] WARNING: pipe error: 109: file z:/task_1563383129/build/src/ipc/chromium/src/chrome/common/ipc_channel_win.cc, line 341
[Child 10844, Chrome_ChildThread] WARNING: pipe error: 109: file z:/task_1563383129/build/src/ipc/chromium/src/chrome/common/ipc_channel_win.cc, line 341
[Child 10844,
###!!! [Child][MessageChannel] Error: (msgtype=0x53000E,name=PHttpChannel::Msg_DeletingChannel) Channel closing: too late to send/recv, messages will be lost


###!!! [Child][RunMessage] Error: Channel closing: too late to send/recv, messages will be lost


###!!! [Child][RunMessage] Error: Channel closing: too late to send/recv, messages will be lost


###!!! [Child][RunMessage] Error: Channel closing: too late to send/recv, messages will be lost

[Chi[Parent 12812, Gecko_IOThread] WARNING: pipe error: 109: file z:/task_1563383129/build/src/ipc/chromium/src/chrome/common/ipc_channel_win.cc, line 341
[Child 5184, Chrome_ChildThread] WARNING: pipe error: 109: file z:/task_1563383129/build/src/ipc/chromium/src/chrome/common/ipc_channel_win.cc, line 341
[Child 5184,1572362304507	Marionette	INFO	Stopped listening on port 10578
[GPU
###!!! [Child][RunMessage] Error: Channel closing: too late to send/recv, messages will be lost


###!!! [Child][MessageChannel::SendAndWait] Error: Channel error: cannot send/recv

1572362346996	mozrunner::runner	INFO	Running command: "C:\\Program Files\\Mozilla Firefox\\firefox.exe" "-marionette" "-foreground" "-no-remote" "-profile" "C:\\Users\\6887~1\\AppData\\Local\\Temp\\rust_mozprofilecMkaVp"
1572362347622	addons.webextension.screenshots@mozilla.org	WARN	Loading extension 'screenshots@mozilla.org': Reading manifest: Invalid extension permission: mozillaAddons
1572362347623	addons.webextension.screenshots@mozilla.org	WARN	Loading extension 'screenshots@mozilla.org': Reading manifest: Invalid extension permission: telemetry
1572362347623	addons.webextension.screenshots@mozilla.org	WARN	Loading extension 'screenshots@mozilla.org': Reading manifest: Invalid extension permission: resource://pdf.js/
1572362347623	addons.webextension.screenshots@mozilla.org	WARN	Loading extension 'screenshots@mozilla.org': Reading manifest: Invalid extension permission: about:reader*
1572362349875	Marionette	INFO	Listening on port 10742
1572362350266	Marionette	WARN	TLS certificate errors will be ignored for this session
[Parent 6376, Gecko_IOThread] WARNING: pipe error: 109: file z:/task_1563383129/build/src/ipc/chromium/src/chrome/common/ipc_channel_win.cc, line 341

###!!! [Child][MessageChannel] Error: (msgtype=0x530005,name=PHttpChannel::Msg_Cancel) Closed channel: cannot send/recv

[Parent 6376, Gecko_IOThread] WARNING: pipe error: 109: file z:/task_1563383129/build/src/ipc/chromium/src/chrome/common/ipc_channel_win.cc, line 341
[Child 11068, Chrome_ChildThread] WARNING: pipe error: 109: file z:/task_1563383129/build/src/ipc/chromium/src/chrome/common/ipc_channel_win.cc, line 341
[Child1572362369612	Marionette	INFO	Stopped listening on port 10742

###!!! [Child][RunMessage] Error: Channel closing: too late to send/recv, messages will be lost

[GPU 4
###!!! [Child][MessageChannel::SendAndWait] Error: Channel error: cannot send/recv

1572362477745	mozrunner::runner	INFO	Running command: "C:\\Program Files\\Mozilla Firefox\\firefox.exe" "-marionette" "-foreground" "-no-remote" "-profile" "C:\\Users\\6887~1\\AppData\\Local\\Temp\\rust_mozprofileEiqtcm"
1572362478388	addons.webextension.screenshots@mozilla.org	WARN	Loading extension 'screenshots@mozilla.org': Reading manifest: Invalid extension permission: mozillaAddons
1572362478389	addons.webextension.screenshots@mozilla.org	WARN	Loading extension 'screenshots@mozilla.org': Reading manifest: Invalid extension permission: telemetry
1572362478389	addons.webextension.screenshots@mozilla.org	WARN	Loading extension 'screenshots@mozilla.org': Reading manifest: Invalid extension permission: resource://pdf.js/
1572362478389	addons.webextension.screenshots@mozilla.org	WARN	Loading extension 'screenshots@mozilla.org': Reading manifest: Invalid extension permission: about:reader*
1572362480663	Marionette	INFO	Listening on port 10955
1572362481049	Marionette	WARN	TLS certificate errors will be ignored for this session
[Parent 10320, Gecko_IOThread] WARNING: pipe error: 109: file z:/task_1563383129/build/src/ipc/chromium/src/chrome/common/ipc_channel_win.cc, line 341
1572362672182	Marionette	INFO	Stopped listening on port 10955

###!!! [Child][RunMessage] Error: Channel closing: too late to send/recv, messages will be lost

[GPU 3
###!!! [Child][MessageChannel::SendAndWait] Error: Channel error: cannot send/recv

ns.webextension.screenshots@mozilla.org	WARN	Loading extension 'screenshots@mozilla.org': Reading manifest: Invalid extension permission: telemetry
1572362657788	addons.webextension.screenshots@mozilla.org	WARN	Loading extension 'screenshots@mozilla.org': Reading manifest: Invalid extension permission: resource://pdf.js/
1572362657788	addons.webextension.screenshots@mozilla.org	WARN	Loading extension 'screenshots@mozilla.org': Reading manifest: Invalid extension permission: about:reader*
1572362660185	Marionette	INFO	Listening on port 11223
1572362660422	Marionette	WARN	TLS certificate errors will be ignored for this session
[Parent 9692, Gecko_IOThread] WARNING: pipe error: 109: file z:/task_1563383129/build/src/ipc/chromium/src/chrome/common/ipc_channel_win.cc, line 341
[Child 7232, Chrome_Ch[Parent 9692, Gecko_IOThread] WARNING: pipe error: 109: file z:/task_1563383129/build/src/ipc/chromium/src/chrome/common/ipc_channel_win.cc, line 341
[Child 8512, Chrome_ChildThread] WARNING: pipe error: 109: file z:/task_1563383129/build/src/ipc/chromium/src/chrome/common/ipc_channel_win.cc, line 341
[Child 851572362675730	Marionette	INFO	Stopped listening on port 11223
[G
###!!! [Child][RunMessage] Error: Channel closing: too late to send/recv, messages will be lost

PU 
###!!! [Child][MessageChannel::SendAndWait] Error: Channel error: cannot send/recv

1572362693169	mozrunner::runner	INFO	Running command: "C:\\Program Files\\Mozilla Firefox\\firefox.exe" "-marionette" "-foreground" "-no-remote" "-profile" "C:\\Users\\6887~1\\AppData\\Local\\Temp\\rust_mozprofile6ScqC5"
1572362693780	addons.webextension.screenshots@mozilla.org	WARN	Loading extension 'screenshots@mozilla.org': Reading manifest: Invalid extension permission: mozillaAddons
1572362693780	addons.webextension.screenshots@mozilla.org	WARN	Loading extension 'screenshots@mozilla.org': Reading manifest: Invalid extension permission: telemetry
1572362693780	addons.webextension.screenshots@mozilla.org	WARN	Loading extension 'screenshots@mozilla.org': Reading manifest: Invalid extension permission: resource://pdf.js/
1572362693780	addons.webextension.screenshots@mozilla.org	WARN	Loading extension 'screenshots@mozilla.org': Reading manifest: Invalid extension permission: about:reader*
1572362696364	Marionette	INFO	Listening on port 11327
1572362696422	Marionette	WARN	TLS certificate errors will be ignored for this session
console.error: BroadcastService: 
  receivedBroadcastMessage: handler for
  remote-settings/monitor_changes
  threw error:
  Message: Error: Polling for changes failed: http://%(server)s/dummy/blocklist//buckets/monitor/collections/changes/records?_expected=%221572281224597%22 is not a valid URL..
  Stack:
    remoteSettingsFunction/remoteSettings.pollChanges@resource://services-settings/remote-settings.js:201:13

[Child 10880, Chrome_ChildThread] WARNING: pipe error: 109: file z:/task_1563383129/build/src/ipc/chromium/src/chrome/common/ipc_channel_win.cc, line 341
[Child 10880, Chrome_ChildThread] WARNING: pipe error[Parent 1780, Gecko_IOThread] WARNING: pipe error: 109: file z:/task_1563383129/build/src/ipc/chromium/src/chrome/common/ipc_channel_win.cc, line 341
[Child 8496, Chrome_ChildThread] WARNING: pipe error: 109: file z:/task_1563383129/build/src/ipc/chromium/src/chrome/common/ipc_channel_win.cc, line 341
[Child 8496, Chrome_ChildThr[Parent 1780, Gecko_IOThread] WARNING: pipe error: 109: file z:/task_1563383129/build/src/ipc/chromium/src/chrome/common/ipc_channel_win.cc, line 341
[Child 3972, Chrome_ChildThread] WARNING: pipe error: 109: file z:/task_1563383129/build/src/ipc/chromium/src/chrome/common/ipc_channel_win.cc, line 341
[Child 3972, Chrome1572362920251	Marionette	INFO	Stopped listening on port 11327

###!!! [Child][RunMessage] Error: Channel closing: too late to send/recv, messages will be lost

[GPU 8
###!!! [Child][MessageChannel::SendAndWait] Error: Channel error: cannot send/recv

[MessageChannel] Error: (msgtype=0x53000E,name=PHttpChannel::Msg_DeletingChannel) Channel closing: too late to send/recv, messages will be lost

29/bu[Child 4048, Chrome_ChildThread] WARNING: pipe error: 109: file z:/task_1563383129/build/src/ipc/chromium/src/chrome/common/ipc_chailnnel_win.cc, line 341

###!!! [Child][MessageChannel] Error: (msgtype=0x53000E,name=PHttpChannel::Msg_DeletingChannel) Channel closing: too late to send/recv, messages will be lost

d/src/ipc/chromium/src/chrome/common/ipc_channel_win.cc, line 341

###!!! [Child][MessageChannel] Error: (msgtype=0x530005,name=PHttpChannel::Msg_Cancel) Closed channel: cannot send/recv

[Child 9352, Chrome_ChildThread] WARNING: pipe error: 109: file z:/task_1563383129/build/src/ipc/chromium/src/chrome/common/ipc_channel_win.cc, line 341

###!!! [Child][MessageChannel] Error: (msgtype=0x530005,name=PHttpChannel::Msg_Cancel) Closed channel: cannot send/recv

[Parent 11424, Gecko_IOThread] WARNING: pipe error: 109: file z:/task_1563383129/build/src/ipc/chromium/src/chrome/common/ipc_channel_win.cc, line 341
[Child 10668, Chrome_ChildThread] WARNING: pipe error: 109: file z:/task_1563383129/build/src/ipc/chromium/src/chrome/common/ipc_channel_win.cc, line 341
[Child 10668,1572362786221	Marionette	INFO	Stopped listening on port 11468
[GPU 
###!!! [Child][RunMessage] Error: Channel closing: too late to send/recv, messages will be lost


###!!! [Child][MessageChannel::SendAndWait] Error: Channel error: cannot send/recv

1572362898747	mozrunner::runner	INFO	Running command: "C:\\Program Files\\Mozilla Firefox\\firefox.exe" "-marionette" "-foreground" "-no-remote" "-profile" "C:\\Users\\6887~1\\AppData\\Local\\Temp\\rust_mozprofile3kA1RL"
1572362899323	addons.webextension.screenshots@mozilla.org	WARN	Loading extension 'screenshots@mozilla.org': Reading manifest: Invalid extension permission: mozillaAddons
1572362899323	addons.webextension.screenshots@mozilla.org	WARN	Loading extension 'screenshots@mozilla.org': Reading manifest: Invalid extension permission: telemetry
1572362899323	addons.webextension.screenshots@mozilla.org	WARN	Loading extension 'screenshots@mozilla.org': Reading manifest: Invalid extension permission: resource://pdf.js/
1572362899323	addons.webextension.screenshots@mozilla.org	WARN	Loading extension 'screenshots@mozilla.org': Reading manifest: Invalid extension permission: about:reader*
1572362901500	Marionette	INFO	Listening on port 11675
1572362901539	Marionette	WARN	TLS certificate errors will be ignored for this session
[Child 11300, Chrome_ChildThread] WARNING: pipe error: 109: file z:/task_1563383129/build/src/ipc/chromium/src/chrome/common/ipc_channel_win.cc, line 341
[Child 11300, Chrome_ChildThread] WARNING: pipe error: 109: file z:/task_1563383129/build/src/ipc/chromium/src/chrome/common/ipc_channel_win.cc, line 341
[Parent 6564, Gecko_IOThread] WARNING: pipe error: 109: file z:/task_1563383129/build/src/ipc/chromium/src/chrome/common/ipc_channel_win.cc, line 341
[Chil[Child 13604, Chrome_ChildThread] WARNING: pipe error: 109: file z:/task_1563383129/build/src/ipc/chromium/src/chrome/common/ipc_channel_win.cc, line 341
[Child 13601572362923055	Marionette	INFO	Stopped listening on port 11675

###!!! [Child][RunMessage] Error: Channel closing: too late to send/recv, messages will be lost

[GPU 4
###!!! [Child][MessageChannel::SendAndWait] Error: Channel error: cannot send/recv

1572362979185	mozrunner::runner	INFO	Running command: "C:\\Program Files\\Mozilla Firefox\\firefox.exe" "-marionette" "-foreground" "-no-remote" "-profile" "C:\\Users\\6887~1\\AppData\\Local\\Temp\\rust_mozprofileypxCTm"
1572362979841	addons.webextension.screenshots@mozilla.org	WARN	Loading extension 'screenshots@mozilla.org': Reading manifest: Invalid extension permission: mozillaAddons
1572362979841	addons.webextension.screenshots@mozilla.org	WARN	Loading extension 'screenshots@mozilla.org': Reading manifest: Invalid extension permission: telemetry
1572362979841	addons.webextension.screenshots@mozilla.org	WARN	Loading extension 'screenshots@mozilla.org': Reading manifest: Invalid extension permission: resource://pdf.js/
1572362979841	addons.webextension.screenshots@mozilla.org	WARN	Loading extension 'screenshots@mozilla.org': Reading manifest: Invalid extension permission: about:reader*
1572362982287	Marionette	INFO	Listening on port 11837
1572362982478	Marionette	WARN	TLS certificate errors will be ignored for this session
console.error: BroadcastService: 
  receivedBroadcastMessage: handler for
  remote-settings/monitor_changes
  threw error:
  Message: Error: Polling for changes failed: http://%(server)s/dummy/blocklist//buckets/monitor/collections/changes/records?_expected=%221572281224597%22 is not a valid URL..
  Stack:
    remoteSettingsFunction/remoteSettings.pollChanges@resource://services-settings/remote-settings.js:201:13

screenshots@mozilla.org	WARN	Loading extension 'screenshots@mozilla.org': Reading manifest: Invalid extension permission: telemetry
1572363090955	addons.webextension.screenshots@mozilla.org	WARN	Loading extension 'screenshots@mozilla.org': Reading manifest: Invalid extension permission: resource://pdf.js/
1572363090955	addons.webextension.screenshots@mozilla.org	WARN	Loading extension 'screenshots@mozilla.org': Reading manifest: Invalid extension permission: about:reader*
1572363093261	Marionette	INFO	Listening on port 12026
1572363093647	Marionette	WARN	TLS certificate errors will be ignored for this session
console.error: BroadcastService: 
  receivedBroadcastMessage: handler for
  remote-settings/monitor_changes
  threw error:
  Message: Error: Polling for changes failed: http://%(server)s/dummy/blocklist//buckets/monitor/collections/changes/records?_expected=%221572281224597%22 is not a valid URL..
  Stack:
    remoteSettingsFunction/remoteSettings.pollChanges@resource://services-settings/remote-settings.js:201:13

screenshots@mozilla.org	WARN	Loading extension 'screenshots@mozilla.org': Reading manifest: Invalid extension permission: telemetry
1572363139272	addons.webextension.screenshots@mozilla.org	WARN	Loading extension 'screenshots@mozilla.org': Reading manifest: Invalid extension permission: resource://pdf.js/
1572363139272	addons.webextension.screenshots@mozilla.org	WARN	Loading extension 'screenshots@mozilla.org': Reading manifest: Invalid extension permission: about:reader*
1572363141476	Marionette	INFO	Listening on port 12157
1572363141861	Marionette	WARN	TLS certificate errors will be ignored for this session
console.error: BroadcastService: 
  receivedBroadcastMessage: handler for
  remote-settings/monitor_changes
  threw error:
  Message: Error: Polling for changes failed: http://%(server)s/dummy/blocklist//buckets/monitor/collections/changes/records?_expected=%221572281224597%22 is not a valid URL..
  Stack:
    remoteSettingsFunction/remoteSettings.pollChanges@resource://services-settings/remote-settings.js:201:13

1572363324050	mozrunner::runner	INFO	Running command: "C:\\Program Files\\Mozilla Firefox\\firefox.exe" "-marionette" "-foreground" "-no-remote" "-profile" "C:\\Users\\6887~1\\AppData\\Local\\Temp\\rust_mozprofileNVo6Sz"
1572363324664	addons.webextension.screenshots@mozilla.org	WARN	Loading extension 'screenshots@mozilla.org': Reading manifest: Invalid extension permission: mozillaAddons
1572363324664	addons.webextension.screenshots@mozilla.org	WARN	Loading extension 'screenshots@mozilla.org': Reading manifest: Invalid extension permission: telemetry
1572363324664	addons.webextension.screenshots@mozilla.org	WARN	Loading extension 'screenshots@mozilla.org': Reading manifest: Invalid extension permission: resource://pdf.js/
1572363324664	addons.webextension.screenshots@mozilla.org	WARN	Loading extension 'screenshots@mozilla.org': Reading manifest: Invalid extension permission: about:reader*
1572363326854	Marionette	INFO	Listening on port 12488
1572363327287	Marionette	WARN	TLS certificate errors will be ignored for this session
[Parent 12080, Gecko_IOThread] WARNING: pipe error: 109: file z:/task_1563383129/build/src/ipc/chromium/src/chrome/common/ipc_channel_win.cc, line 341
console.error: BroadcastService: 
  receivedBroadcastMessage: handler for
  remote-settings/monitor_changes
  threw error:
  Message: Error: Polling for changes failed: http://%(server)s/dummy/blocklist//buckets/monitor/collections/changes/records?_expected=%221572281224597%22 is not a valid URL..
  Stack:
    remoteSettingsFunction/remoteSettings.pollChanges@resource://services-settings/remote-settings.js:201:13

screenshots@mozilla.org	WARN	Loading extension 'screenshots@mozilla.org': Reading manifest: Invalid extension permission: telemetry
1572363446645	addons.webextension.screenshots@mozilla.org	WARN	Loading extension 'screenshots@mozilla.org': Reading manifest: Invalid extension permission: resource://pdf.js/
1572363446645	addons.webextension.screenshots@mozilla.org	WARN	Loading extension 'screenshots@mozilla.org': Reading manifest: Invalid extension permission: about:reader*
1572363448995	Marionette	INFO	Listening on port 12662
1572363449136	Marionette	WARN	TLS certificate errors will be ignored for this session
console.error: BroadcastService: 
  receivedBroadcastMessage: handler for
  remote-settings/monitor_changes
  threw error:
  Message: Error: Polling for changes failed: http://%(server)s/dummy/blocklist//buckets/monitor/collections/changes/records?_expected=%221572281224597%22 is not a valid URL..
  Stack:
    remoteSettingsFunction/remoteSettings.pollChanges@resource://services-settings/remote-settings.js:201:13

screenshots@mozilla.org	WARN	Loading extension 'screenshots@mozilla.org': Reading manifest: Invalid extension permission: telemetry
1572363480029	addons.webextension.screenshots@mozilla.org	WARN	Loading extension 'screenshots@mozilla.org': Reading manifest: Invalid extension permission: resource://pdf.js/
1572363480029	addons.webextension.screenshots@mozilla.org	WARN	Loading extension 'screenshots@mozilla.org': Reading manifest: Invalid extension permission: about:reader*
1572363482261	Marionette	INFO	Listening on port 12757
1572363482688	Marionette	WARN	TLS certificate errors will be ignored for this session
console.error: BroadcastService: 
  receivedBroadcastMessage: handler for
  remote-settings/monitor_changes
  threw error:
  Message: Error: Polling for changes failed: http://%(server)s/dummy/blocklist//buckets/monitor/collections/changes/records?_expected=%221572281224597%22 is not a valid URL..
  Stack:
    remoteSettingsFunction/remoteSettings.pollChanges@resource://services-settings/remote-settings.js:201:13

